[2026-04-15 14:34:34] Utilisateur connecté | userId=4 | email=bachir@gmail.com | role=client | ip=::1
[2026-04-15 14:35:27] Utilisateur connecté | userId=1 | email=iyed.ouchari123@gmail.com | role=freelancer | ip=::1
[2026-04-15 14:36:25] Tentative de connexion avec un email introuvable | email=bachir@mail.com
[2026-04-15 14:36:31] Utilisateur connecté | userId=4 | email=bachir@gmail.com | role=client | ip=::1
[2026-04-15 14:38:22] Utilisateur connecté | userId=1 | email=iyed.ouchari123@gmail.com | role=freelancer | ip=::1
[2026-04-15 14:38:51] Client a cree un projet | projet=30 | titre="zzzzzzzzzzzzzzzzzzzzzzzzzzzzzzzzzzzzzzzzzzzzzzzzzz" | statut=Ouverte
[2026-04-15 14:40:59] Client a cree un projet | projet=31 | titre="aaaaaaaaaaaaaaaaaaaaaaaaaaaaaaaaaaaaaaaaaaaaaaaaaaaaa" | statut=Ouverte
[2026-04-15 14:43:21] Utilisateur connecté | userId=4 | email=bachir@gmail.com | role=client | ip=::1
[2026-04-15 14:44:08] Client a cree un projet | projet=32 | titre="ffffffffffffffffffffffffffffffffffffffffffffffffffffffffffffffffffffffffffffffffffffffffffff" | statut=Ouverte
[2026-04-15 14:44:39] Utilisateur connecté | userId=1 | email=iyed.ouchari123@gmail.com | role=freelancer | ip=::1
[2026-04-15 14:45:26] Utilisateur connecté | userId=4 | email=bachir@gmail.com | role=client | ip=::1
[2026-04-15 14:52:14] Utilisateur connecté | userId=4 | email=bachir@gmail.com | role=client | ip=::1
[2026-04-15 15:22:05] Tentative de connexion avec un email introuvable | email=bachi@gmail.com
[2026-04-15 15:22:11] Tentative de connexion avec mot de passe incorrect | userId=4 | email=bachir@gmail.com
[2026-04-15 15:22:12] Tentative de connexion avec mot de passe incorrect | userId=4 | email=bachir@gmail.com
[2026-04-15 15:22:16] Utilisateur connecté | userId=4 | email=bachir@gmail.com | role=client | ip=::1
[2026-04-15 15:29:05] Utilisateur connecté | userId=4 | email=bachir@gmail.com | role=client | ip=::1
[2026-04-15 15:31:12] Utilisateur connecté | userId=4 | email=bachir@gmail.com | role=client | ip=::1
[2026-04-15 19:03:48] Utilisateur connecté | userId=4 | email=bachir@gmail.com | role=client | ip=::1
[2026-04-15 19:04:23] Client a cree un projet | projet=33 | titre="vrai" | statut=Ouverte
[2026-04-15 19:04:44] Utilisateur connecté | userId=1 | email=iyed.ouchari123@gmail.com | role=freelancer | ip=::1
[2026-04-15 19:09:41] Client a cree un projet | projet=34 | titre="vrai1" | statut=Ouverte
[2026-04-15 19:11:23] Client a cree un projet | projet=35 | titre="aaaaaaaaaaaaaaaaaaaaaaaaaaaaaaaaaaaaaaaaaaaaaaa" | statut=Ouverte
[2026-04-15 19:18:00] Client a cree un projet | projet=36 | titre="vrai3333333" | statut=Ouverte
[2026-04-15 19:22:08] Utilisateur connecté | userId=4 | email=bachir@gmail.com | role=client | ip=::1
[2026-04-15 19:23:02] Client a cree un projet | projet=37 | titre="vrai4444444" | statut=Ouverte
[2026-04-15 19:23:11] Utilisateur connecté | userId=1 | email=iyed.ouchari123@gmail.com | role=freelancer | ip=::1
[2026-04-15 19:27:45] Client a cree un projet | projet=38 | titre="test" | statut=Ouverte
[2026-04-15 19:34:06] Utilisateur connecté | userId=1 | email=iyed.ouchari123@gmail.com | role=freelancer | ip=::1
[2026-04-15 19:36:04] Client a cree un projet | projet=39 | titre="tes2" | statut=Ouverte
[2026-04-15 19:41:29] Utilisateur connecté | userId=1 | email=iyed.ouchari123@gmail.com | role=freelancer | ip=::1
[2026-04-15 19:41:43] Utilisateur connecté | userId=4 | email=bachir@gmail.com | role=client | ip=::1
[2026-04-15 19:42:44] Client a cree un projet | projet=40 | titre="test33333333333" | statut=Ouverte
[2026-04-15 22:11:47] Utilisateur connecté | userId=1 | email=iyed.ouchari123@gmail.com | role=freelancer | ip=::1
[2026-04-15 22:12:15] Client a cree un projet | projet=41 | titre="test9" | statut=Ouverte
[2026-04-15 22:22:15] Utilisateur connecté | userId=1 | email=iyed.ouchari123@gmail.com | role=freelancer | ip=::1
[2026-04-15 22:23:03] Utilisateur connecté | userId=1 | email=iyed.ouchari123@gmail.com | role=freelancer | ip=::1
[2026-04-15 22:23:19] Tentative de connexion avec mot de passe incorrect | userId=4 | email=bachir@gmail.com
[2026-04-15 22:23:28] Tentative de connexion avec mot de passe incorrect | userId=4 | email=bachir@gmail.com
[2026-04-15 22:23:34] Utilisateur connecté | userId=4 | email=bachir@gmail.com | role=client | ip=::1
[2026-04-15 22:24:22] Client a cree un projet | projet=42 | titre="qqqqqqqqqqqqqqq" | statut=Ouverte
[2026-04-15 22:29:32] Utilisateur connecté | userId=4 | email=bachir@gmail.com | role=client | ip=::1
[2026-04-15 22:31:32] Client a cree un projet | projet=43 | titre="test44444" | statut=Ouverte
[2026-04-15 22:31:50] Utilisateur connecté | userId=1 | email=iyed.ouchari123@gmail.com | role=freelancer | ip=::1
[2026-04-15 22:32:42] Utilisateur connecté | userId=4 | email=bachir@gmail.com | role=client | ip=::1
[2026-04-15 22:33:05] Client a cree un projet | projet=44 | titre="test55555" | statut=Ouverte
[2026-04-15 22:34:42] Client a cree un projet | projet=45 | titre="test555555555555" | statut=Ouverte
[2026-04-15 22:36:32] Utilisateur connecté | userId=1 | email=iyed.ouchari123@gmail.com | role=freelancer | ip=::1
[2026-04-15 22:37:07] Client a cree un projet | projet=46 | titre="test6a" | statut=Ouverte
[2026-04-15 23:01:25] Utilisateur connecté | userId=1 | email=iyed.ouchari123@gmail.com | role=freelancer | ip=::1
[2026-04-15 23:01:52] Utilisateur connecté | userId=4 | email=bachir@gmail.com | role=client | ip=::1
[2026-04-15 23:02:13] Client a cree un projet | projet=47 | titre="test9" | statut=Ouverte
[2026-04-15 23:10:43] Utilisateur connecté | userId=4 | email=bachir@gmail.com | role=client | ip=::1
[2026-04-15 23:13:55] Tentative de connexion avec un email introuvable | email=client@test.com
[2026-04-15 23:16:04] Utilisateur connecté | userId=1000 | email=client@test.com | role=client | ip=::1
[2026-04-15 23:17:20] Client a cree un projet | projet=48 | titre="Fix Wallet Issue" | statut=Ouverte
[2026-04-15 23:20:26] Utilisateur connecté | userId=1001 | email=freelancer@test.com | role=freelancer | ip=::1
[2026-04-16 00:00:35] Utilisateur connecté | userId=1 | email=iyed.ouchari123@gmail.com | role=freelancer | ip=::1
[2026-04-16 00:01:19] Tentative de connexion avec un email introuvable | email=bachir@mail.com
[2026-04-16 00:01:26] Utilisateur connecté | userId=4 | email=bachir@gmail.com | role=client | ip=::1
[2026-04-16 00:13:47] Client a cree un projet | projet=49 | titre="test" | statut=Ouverte
[2026-04-16 00:14:12] Utilisateur connecté | userId=1 | email=iyed.ouchari123@gmail.com | role=freelancer | ip=::1
[2026-04-16 12:29:14] Utilisateur connecté | userId=3 | email=ons.benchaabene@etudiant-fst.utm.tn | role=freelancer | ip=::1
[2026-04-16 12:31:32] Utilisateur connecté | userId=3 | email=ons.benchaabene@etudiant-fst.utm.tn | role=freelancer | ip=::1
[2026-04-16 12:43:21] Utilisateur connecté | userId=6 | email=admin@gmail.com | role=admin | ip=::1
[2026-04-16 12:44:07] Utilisateur connecté | userId=3 | email=ons.benchaabene@etudiant-fst.utm.tn | role=freelancer | ip=::1
[2026-04-16 12:44:14] Utilisateur a supprime une livraison | userId=3 | projet=1 | livraison=8
[2026-04-16 12:44:15] Utilisateur a supprime une livraison | userId=3 | projet=1 | livraison=4
[2026-04-16 12:44:28] Utilisateur connecté | userId=4 | email=eya@gmail.com | role=client | ip=::1
[2026-04-16 12:55:33] Utilisateur connecté | userId=3 | email=ons.benchaabene@etudiant-fst.utm.tn | role=freelancer | ip=::1
[2026-04-16 12:56:24] Tentative de connexion avec mot de passe incorrect | userId=4 | email=eya@gmail.com
[2026-04-16 12:56:26] Tentative de connexion avec mot de passe incorrect | userId=4 | email=eya@gmail.com
[2026-04-16 12:56:33] Utilisateur connecté | userId=4 | email=eya@gmail.com | role=client | ip=::1
[2026-04-16 22:44:13] Utilisateur connecté | userId=1 | email=iyed.ouchari123@gmail.com | role=freelancer | ip=::1
[2026-04-16 22:45:13] Utilisateur connecté | userId=4 | email=bachir@gmail.com | role=client | ip=::1
[2026-04-16 22:50:31] Utilisateur connecté | userId=1 | email=iyed.ouchari123@gmail.com | role=freelancer | ip=::1
[2026-04-16 23:11:16] Utilisateur connecté | userId=4 | email=bachir@gmail.com | role=client | ip=::1
[2026-04-16 23:47:56] Utilisateur connecté | userId=1 | email=iyed.ouchari123@gmail.com | role=freelancer | ip=::ffff:127.0.0.1
[2026-04-16 23:48:43] Utilisateur connecté | userId=4 | email=bachir@gmail.com | role=client | ip=::1
[2026-04-16 23:49:14] Tentative de connexion avec mot de passe incorrect | userId=1 | email=iyed.ouchari123@gmail.com
[2026-04-16 23:49:17] Utilisateur connecté | userId=1 | email=iyed.ouchari123@gmail.com | role=freelancer | ip=::1
[2026-04-16 23:52:09] Utilisateur connecté | userId=1 | email=iyed.ouchari123@gmail.com | role=freelancer | ip=::1
[2026-04-16 23:54:40] Utilisateur connecté | userId=4 | email=bachir@gmail.com | role=client | ip=::1
[2026-04-16 23:55:08] Client a cree un projet | projet=50 | titre="final" | statut=Ouverte
[2026-04-17 18:08:52] Utilisateur connecté | userId=1 | email=iyed.ouchari123@gmail.com | role=freelancer | ip=::1
[2026-04-17 18:32:33] Utilisateur connecté | userId=4 | email=bachir@gmail.com | role=client | ip=::1
[2026-04-17 20:46:20] Utilisateur connecté | userId=1 | email=iyed.ouchari123@gmail.com | role=freelancer | ip=::1
[2026-04-17 20:46:44] Utilisateur connecté | userId=20 | email=iyed.ouchariii@gmail.com | role=freelancer | ip=::1
[2026-04-17 20:56:34] Utilisateur connecté | userId=1 | email=iyed.ouchari123@gmail.com | role=freelancer | ip=::1
[2026-04-17 20:56:59] Utilisateur connecté | userId=20 | email=iyed.ouchariii@gmail.com | role=freelancer | ip=::1
[2026-04-17 21:01:00] Utilisateur connecté | userId=20 | email=iyed.ouchariii@gmail.com | role=freelancer | ip=::1
[2026-04-17 21:02:09] Tentative de connexion avec mot de passe incorrect | userId=4 | email=bachir@gmail.com
[2026-04-17 21:02:10] Tentative de connexion avec mot de passe incorrect | userId=4 | email=bachir@gmail.com
[2026-04-17 21:02:17] Utilisateur connecté | userId=4 | email=bachir@gmail.com | role=client | ip=::1
[2026-04-17 21:02:39] Client a cree un projet | projet=51 | titre="new" | statut=Ouverte
[2026-04-17 21:15:41] Utilisateur connecté | userId=20 | email=iyed.ouchariii@gmail.com | role=freelancer | ip=::1
[2026-04-17 21:16:22] Utilisateur connecté | userId=4 | email=bachir@gmail.com | role=client | ip=::1
[2026-04-18 01:01:12] Utilisateur connecté | userId=1 | email=iyed.ouchari123@gmail.com | role=freelancer | ip=::1
[2026-04-18 01:01:39] Utilisateur connecté | userId=4 | email=bachir@gmail.com | role=client | ip=::1
[2026-04-18 21:41:19] Tentative de connexion avec mot de passe incorrect | userId=4 | email=iyed.ouchari123@gmail.com
[2026-04-18 21:41:27] Tentative de connexion avec mot de passe incorrect | userId=4 | email=iyed.ouchari123@gmail.com
[2026-04-18 21:41:43] Tentative de connexion avec mot de passe incorrect | userId=4 | email=iyed.ouchari123@gmail.com
[2026-04-18 21:41:44] Tentative de connexion avec mot de passe incorrect | userId=4 | email=iyed.ouchari123@gmail.com
[2026-04-18 21:46:13] Utilisateur connecté | userId=6 | email=iyed.ouchariii@gmail.com | role=freelancer | ip=::1
[2026-04-18 21:52:09] Utilisateur connecté | userId=4 | email=iyed.ouchari123@gmail.com | role=freelancer | ip=::1
[2026-04-18 21:58:41] Utilisateur connecté | userId=6 | email=iyed.ouchariii@gmail.com | role=freelancer | ip=::1
[2026-04-18 21:59:33] Tentative de connexion avec mot de passe incorrect | userId=4 | email=iyed.ouchari123@gmail.com
[2026-04-18 21:59:48] Utilisateur connecté | userId=4 | email=iyed.ouchari123@gmail.com | role=freelancer | ip=::1
[2026-04-18 22:05:08] Tentative de connexion avec un email introuvable | email=hamza@gmail.com
[2026-04-18 22:05:12] Tentative de connexion avec un email introuvable | email=hamza@gmail.com
[2026-04-18 22:05:13] Tentative de connexion avec un email introuvable | email=hamza@gmail.com
[2026-04-18 22:06:27] Utilisateur connecté | userId=11 | email=hamza@gmail.com | role=client | ip=::1
[2026-04-18 22:08:31] Client a cree un projet | projet=3 | titre="Refonte d’un espace client B2B" | statut=Ouverte
[2026-04-18 22:08:56] Utilisateur connecté | userId=4 | email=iyed.ouchari123@gmail.com | role=freelancer | ip=::1
[2026-04-18 22:13:07] Utilisateur connecté | userId=12 | email=test@gmail.com | role=client | ip=::1
[2026-04-18 22:19:00] Utilisateur connecté | userId=13 | email=test2@gmail.com | role=client | ip=::1
[2026-04-18 22:42:46] Tentative de connexion avec mot de passe incorrect | userId=4 | email=iyed.ouchari123@gmail.com
[2026-04-18 22:43:03] Utilisateur connecté | userId=4 | email=iyed.ouchari123@gmail.com | role=freelancer | ip=::1
[2026-04-18 22:43:28] Utilisateur connecté | userId=4 | email=iyed.ouchari123@gmail.com | role=freelancer | ip=::1
[2026-04-18 22:54:49] Utilisateur connecté | userId=4 | email=iyed.ouchari123@gmail.com | role=freelancer | ip=::1
[2026-04-18 22:58:57] Utilisateur connecté | userId=4 | email=iyed.ouchari123@gmail.com | role=freelancer | ip=::1
[2026-04-18 23:00:59] Utilisateur connecté | userId=6 | email=iyed.ouchariii@gmail.com | role=freelancer | ip=::1
[2026-04-18 23:01:35] Utilisateur connecté | userId=11 | email=hamza@gmail.com | role=client | ip=::1
[2026-04-18 23:09:45] Utilisateur connecté | userId=11 | email=hamza@gmail.com | role=client | ip=::1
[2026-04-18 23:12:31] Utilisateur connecté | userId=11 | email=hamza@gmail.com | role=client | ip=::1
[2026-04-18 23:14:07] Utilisateur connecté | userId=11 | email=hamza@gmail.com | role=client | ip=::1
[2026-04-18 23:15:05] Utilisateur connecté | userId=4 | email=iyed.ouchari123@gmail.com | role=freelancer | ip=::1
[2026-04-18 23:15:39] Tentative de connexion avec un email introuvable | email=iyed.ouchariii@mail.com
[2026-04-18 23:15:51] Utilisateur connecté | userId=6 | email=iyed.ouchariii@gmail.com | role=freelancer | ip=::1
[2026-04-18 23:20:29] Client a cree un projet | projet=6 | titre="Refonte d’un espace client B2B" | statut=Ouverte
[2026-04-18 23:22:30] Client a cree un projet | projet=7 | titre="Route test request 1776550941987" | statut=Ouverte
[2026-04-18 23:29:48] Client a cree un projet | projet=8 | titre="Payment status test 1776551383409" | statut=Ouverte
[2026-04-18 23:30:48] Client a cree un projet | projet=9 | titre="Payment status test 1776551439899" | statut=Ouverte
[2026-04-18 23:30:57] Utilisateur a soumis une livraison | userId=1005 | projet=2 | livraison=1 | titre="delivery.txt" | statut=livree
[2026-04-18 23:31:02] Paiement freelance libere a la soumission | userId=1005
[2026-04-18 23:31:09] Client a cree un projet | projet=10 | titre="Payment status test 1776551460910" | statut=Ouverte
[2026-04-18 23:31:17] Utilisateur a soumis une livraison | userId=1007 | projet=3 | livraison=2 | titre="delivery.txt" | statut=livree
[2026-04-18 23:31:21] Paiement freelance libere a la soumission | userId=1007
[2026-04-18 23:35:43] Client a cree un projet | projet=11 | titre="Immediate final payment test 1776551735991" | statut=Ouverte
[2026-04-18 23:45:09] Utilisateur connecté | userId=6 | email=iyed.ouchariii@gmail.com | role=freelancer | ip=::1
[2026-04-18 23:45:47] Utilisateur connecté | userId=11 | email=hamza@gmail.com | role=client | ip=::1
[2026-04-18 23:50:50] Client a cree un projet | projet=13 | titre="Fix final payment 1776552644828" | statut=Ouverte
[2026-04-18 23:53:04] Client a cree un projet | projet=14 | titre="Fix final payment 1776552776984" | statut=Ouverte
[2026-04-19 00:01:21] Client a cree un projet | projet=15 | titre="Guard final payment 1776553275839" | statut=Ouverte
[2026-04-19 00:06:32] Utilisateur a soumis une livraison | userId=6 | projet=1 | livraison=3 | titre="413318481_932063901972168_4998550349644029895_n.jpg" | statut=livree
[2026-04-19 00:06:36] Paiement freelance libere a la soumission | userId=6
