[2026-04-13 01:40:19] Echec de connexion : mot de passe incorrect | email=ons.benchaabene@etudiant-fst.utm.tn | userId=3
[2026-04-13 02:39:46] Echec de connexion : mot de passe incorrect | email=eya@gmail.com | userId=4
[2026-04-13 13:03:52] Echec de connexion : utilisateur introuvable | email=iyed.ouchariii@gmail.com
[2026-04-13 13:04:16] Echec de connexion : mot de passe incorrect | email=admin@gmail.com | userId=15
[2026-04-13 17:50:21] Echec de connexion : utilisateur introuvable | email=iyed.ouchariii@gmail.com
[2026-04-13 17:50:23] Echec de connexion : utilisateur introuvable | email=iyed.ouchariii@gmail.com
[2026-04-13 17:50:24] Echec de connexion : utilisateur introuvable | email=iyed.ouchariii@gmail.com
[2026-04-13 17:57:12] Echec de connexion : utilisateur introuvable | email=iyed.ouchariii@gmail.com
[2026-04-15 14:36:25] Echec de connexion : utilisateur introuvable | email=bachir@mail.com
[2026-04-15 15:22:05] Echec de connexion : utilisateur introuvable | email=bachi@gmail.com
[2026-04-15 15:22:11] Echec de connexion : mot de passe incorrect | email=bachir@gmail.com | userId=4
[2026-04-15 15:22:12] Echec de connexion : mot de passe incorrect | email=bachir@gmail.com | userId=4
[2026-04-15 22:23:19] Echec de connexion : mot de passe incorrect | email=bachir@gmail.com | userId=4
[2026-04-15 22:23:28] Echec de connexion : mot de passe incorrect | email=bachir@gmail.com | userId=4
[2026-04-15 23:13:55] Echec de connexion : utilisateur introuvable | email=client@test.com
[2026-04-16 00:01:19] Echec de connexion : utilisateur introuvable | email=bachir@mail.com
[2026-04-16 23:49:14] Echec de connexion : mot de passe incorrect | email=iyed.ouchari123@gmail.com | userId=1
[2026-04-17 21:02:09] Echec de connexion : mot de passe incorrect | email=bachir@gmail.com | userId=4
[2026-04-17 21:02:10] Echec de connexion : mot de passe incorrect | email=bachir@gmail.com | userId=4
[2026-04-18 21:41:19] Echec de connexion : mot de passe incorrect | email=iyed.ouchari123@gmail.com | userId=4
[2026-04-18 21:41:27] Echec de connexion : mot de passe incorrect | email=iyed.ouchari123@gmail.com | userId=4
[2026-04-18 21:41:43] Echec de connexion : mot de passe incorrect | email=iyed.ouchari123@gmail.com | userId=4
[2026-04-18 21:41:44] Echec de connexion : mot de passe incorrect | email=iyed.ouchari123@gmail.com | userId=4
[2026-04-18 21:59:33] Echec de connexion : mot de passe incorrect | email=iyed.ouchari123@gmail.com | userId=4
[2026-04-18 22:05:08] Echec de connexion : utilisateur introuvable | email=hamza@gmail.com
[2026-04-18 22:05:12] Echec de connexion : utilisateur introuvable | email=hamza@gmail.com
[2026-04-18 22:05:13] Echec de connexion : utilisateur introuvable | email=hamza@gmail.com
[2026-04-18 22:42:46] Echec de connexion : mot de passe incorrect | email=iyed.ouchari123@gmail.com | userId=4
[2026-04-18 23:15:39] Echec de connexion : utilisateur introuvable | email=iyed.ouchariii@mail.com
{"email":"iyed.ouchari123@gmail.com","level":"error","message":"Echec de connexion : mot de passe incorrect","scope":"auth","service":"freelancy-api","timestamp":"2026-04-18T23:48:35.778Z","userId":4}
{"email":"iyed.ouchari123@gmail.com","level":"error","message":"Echec de connexion : mot de passe incorrect","scope":"auth","service":"freelancy-api","timestamp":"2026-04-19T00:52:59.633Z","userId":4}
{"email":"iyed.ouchari123@gmail.com","level":"error","message":"Echec de connexion : mot de passe incorrect","scope":"auth","service":"freelancy-api","timestamp":"2026-04-19T01:16:44.628Z","userId":4}
{"email":"iyed.ouchari123@gmail.com","level":"error","message":"Echec de connexion : mot de passe incorrect","scope":"auth","service":"freelancy-api","timestamp":"2026-04-19T01:30:59.697Z","userId":4}
{"email":"bachir@gmail.com","level":"error","message":"Echec de connexion : utilisateur introuvable","scope":"auth","service":"freelancy-api","timestamp":"2026-04-19T02:07:29.406Z"}
{"email":"ons.benchaabene@etudiant-fst.utm.tn","level":"error","message":"Echec de connexion : mot de passe incorrect","scope":"auth","service":"freelancy-api","timestamp":"2026-04-19T11:24:27.145Z","userId":2}
