{"budget":7777,"clientId":4,"domain":"Développement Mobile","level":"info","message":"Client a cree un projet","requestId":20,"service":"freelancy-api","status":"Ouverte","timestamp":"2026-04-13T12:11:56.199Z","title":"55555555555"}
{"budget":4555,"clientId":4,"domain":"Cybersécurité","level":"info","message":"Client a cree un projet","requestId":21,"service":"freelancy-api","status":"Ouverte","timestamp":"2026-04-13T12:17:01.890Z","title":"6666666666666"}
{"budget":4888,"clientId":4,"domain":"Intelligence Artificielle & Machine Learning","level":"info","message":"Client a cree un projet","requestId":22,"service":"freelancy-api","status":"Ouverte","timestamp":"2026-04-13T12:29:37.992Z","title":"55555555555555555555555555"}
{"budget":45000,"clientId":4,"domain":"Développement Web","level":"info","message":"Client a cree un projet","requestId":23,"service":"freelancy-api","status":"Ouverte","timestamp":"2026-04-13T12:34:31.418Z","title":"555555555555555555555"}
{"budget":9999,"clientId":4,"domain":"Cybersécurité","level":"info","message":"Client a cree un projet","requestId":24,"service":"freelancy-api","status":"Ouverte","timestamp":"2026-04-13T12:41:02.727Z","title":"55555555555555555aaaaaaaaaaaa"}
{"budget":455555,"clientId":4,"domain":"Développement Mobile","level":"info","message":"Client a cree un projet","requestId":25,"service":"freelancy-api","status":"Ouverte","timestamp":"2026-04-13T12:47:14.311Z","title":"aaaaaaaaaa222222222222"}
{"budget":45000,"clientId":4,"domain":"Cybersécurité","level":"info","message":"Client a cree un projet","requestId":26,"service":"freelancy-api","status":"Ouverte","timestamp":"2026-04-13T12:51:27.108Z","title":"aaaaaaaaa3333333333"}
{"budget":450000,"clientId":4,"domain":"Développement Mobile","level":"info","message":"Client a cree un projet","requestId":30,"service":"freelancy-api","status":"Ouverte","timestamp":"2026-04-15T13:38:51.170Z","title":"zzzzzzzzzzzzzzzzzzzzzzzzzzzzzzzzzzzzzzzzzzzzzzzzzz"}
{"budget":88888,"clientId":4,"domain":"Analyse de données avancée","level":"info","message":"Client a cree un projet","requestId":31,"service":"freelancy-api","status":"Ouverte","timestamp":"2026-04-15T13:40:59.296Z","title":"aaaaaaaaaaaaaaaaaaaaaaaaaaaaaaaaaaaaaaaaaaaaaaaaaaaaa"}
{"budget":4500000000,"clientId":4,"domain":"Analyse de données avancée","level":"info","message":"Client a cree un projet","requestId":32,"service":"freelancy-api","status":"Ouverte","timestamp":"2026-04-15T13:44:08.730Z","title":"ffffffffffffffffffffffffffffffffffffffffffffffffffffffffffffffffffffffffffffffffffffffffffff"}
{"budget":450,"clientId":4,"domain":"Cybersécurité","level":"info","message":"Client a cree un projet","requestId":33,"service":"freelancy-api","status":"Ouverte","timestamp":"2026-04-15T18:04:23.543Z","title":"vrai"}
{"budget":450,"clientId":4,"domain":"Blockchain / Web3","level":"info","message":"Client a cree un projet","requestId":34,"service":"freelancy-api","status":"Ouverte","timestamp":"2026-04-15T18:09:41.323Z","title":"vrai1"}
{"budget":45222,"clientId":4,"domain":"UI/UX Design","level":"info","message":"Client a cree un projet","requestId":35,"service":"freelancy-api","status":"Ouverte","timestamp":"2026-04-15T18:11:23.123Z","title":"aaaaaaaaaaaaaaaaaaaaaaaaaaaaaaaaaaaaaaaaaaaaaaa"}
{"budget":555,"clientId":4,"domain":"UI/UX Design","level":"info","message":"Client a cree un projet","requestId":36,"service":"freelancy-api","status":"Ouverte","timestamp":"2026-04-15T18:18:00.747Z","title":"vrai3333333"}
{"budget":2222,"clientId":4,"domain":"UI/UX Design","level":"info","message":"Client a cree un projet","requestId":37,"service":"freelancy-api","status":"Ouverte","timestamp":"2026-04-15T18:23:02.116Z","title":"vrai4444444"}
{"budget":450,"clientId":4,"domain":"Cybersécurité","level":"info","message":"Client a cree un projet","requestId":38,"service":"freelancy-api","status":"Ouverte","timestamp":"2026-04-15T18:27:45.934Z","title":"test"}
{"budget":4500,"clientId":4,"domain":"Intelligence Artificielle & Machine Learning","level":"info","message":"Client a cree un projet","requestId":39,"service":"freelancy-api","status":"Ouverte","timestamp":"2026-04-15T18:36:04.957Z","title":"tes2"}
{"budget":4522,"clientId":4,"domain":"UI/UX Design","level":"info","message":"Client a cree un projet","requestId":40,"service":"freelancy-api","status":"Ouverte","timestamp":"2026-04-15T18:42:44.044Z","title":"test33333333333"}
{"budget":450,"clientId":4,"domain":"Cybersécurité","level":"info","message":"Client a cree un projet","requestId":41,"service":"freelancy-api","status":"Ouverte","timestamp":"2026-04-15T21:12:15.383Z","title":"test9"}
{"budget":420,"clientId":4,"domain":"UI/UX Design","level":"info","message":"Client a cree un projet","requestId":42,"service":"freelancy-api","status":"Ouverte","timestamp":"2026-04-15T21:24:22.930Z","title":"qqqqqqqqqqqqqqq"}
{"budget":450,"clientId":4,"domain":"Intelligence Artificielle & Machine Learning","level":"info","message":"Client a cree un projet","requestId":43,"service":"freelancy-api","status":"Ouverte","timestamp":"2026-04-15T21:31:32.441Z","title":"test44444"}
{"budget":420,"clientId":4,"domain":"UI/UX Design","level":"info","message":"Client a cree un projet","requestId":44,"service":"freelancy-api","status":"Ouverte","timestamp":"2026-04-15T21:33:05.600Z","title":"test55555"}
{"budget":420,"clientId":4,"domain":"Comptabilité & finance","level":"info","message":"Client a cree un projet","requestId":45,"service":"freelancy-api","status":"Ouverte","timestamp":"2026-04-15T21:34:42.796Z","title":"test555555555555"}
{"budget":420,"clientId":4,"domain":"Analyse de données avancée","level":"info","message":"Client a cree un projet","requestId":46,"service":"freelancy-api","status":"Ouverte","timestamp":"2026-04-15T21:37:07.548Z","title":"test6a"}
{"budget":420,"clientId":4,"domain":"Cybersécurité","level":"info","message":"Client a cree un projet","requestId":47,"service":"freelancy-api","status":"Ouverte","timestamp":"2026-04-15T22:02:13.401Z","title":"test9"}
{"budget":1000,"clientId":1000,"domain":"Développement Web","level":"info","message":"Client a cree un projet","requestId":48,"service":"freelancy-api","status":"Ouverte","timestamp":"2026-04-15T22:17:20.985Z","title":"Fix Wallet Issue"}
{"budget":450,"clientId":4,"domain":"Modélisation 3D","level":"info","message":"Client a cree un projet","requestId":49,"service":"freelancy-api","status":"Ouverte","timestamp":"2026-04-15T23:13:47.875Z","title":"test"}
{"budget":200,"clientId":4,"domain":"Motion design","level":"info","message":"Client a cree un projet","requestId":50,"service":"freelancy-api","status":"Ouverte","timestamp":"2026-04-16T22:55:08.261Z","title":"final"}
{"budget":4500,"clientId":4,"domain":"UI/UX Design","level":"info","message":"Client a cree un projet","requestId":51,"service":"freelancy-api","status":"Ouverte","timestamp":"2026-04-17T20:02:39.274Z","title":"new"}
